
Feb 27, 2017 09:25:59.44 NEW SESSION
Feb 27, 2017 09:25:59.44 Created new window in existing browser session.
Feb 27, 2017 09:46:58.92 Created new window in existing browser session.
Feb 27, 2017 09:51:26.06 Created new window in existing browser session.
Feb 27, 2017 09:52:24.12 Created new window in existing browser session.
Feb 27, 2017 09:55:50.54 Created new window in existing browser session.
Feb 27, 2017 09:57:27.91 Created new window in existing browser session.
Feb 27, 2017 10:38:53.67 Created new window in existing browser session.
Feb 27, 2017 10:54:08.17 Created new window in existing browser session.

Feb 27, 2017 16:49:26.18 NEW SESSION
Feb 27, 2017 16:49:26.18 Created new window in existing browser session.
Feb 27, 2017 16:52:59.92 Created new window in existing browser session.
Feb 27, 2017 16:57:48.27 Created new window in existing browser session.
Feb 27, 2017 17:57:42.11 Created new window in existing browser session.
Feb 27, 2017 18:56:46.81 Created new window in existing browser session.
Feb 27, 2017 19:26:39.26 Created new window in existing browser session.

Feb 28, 2017 09:23:34.60 NEW SESSION
Feb 28, 2017 09:23:34.60 Created new window in existing browser session.
Feb 28, 2017 09:26:02.52 Created new window in existing browser session.
Feb 28, 2017 09:36:50.11 Created new window in existing browser session.
Feb 28, 2017 09:42:45.78 Created new window in existing browser session.
Feb 28, 2017 09:46:53.80 Created new window in existing browser session.
Feb 28, 2017 09:48:43.21 Created new window in existing browser session.
Feb 28, 2017 09:53:01.11 Created new window in existing browser session.
Feb 28, 2017 10:25:20.61 Created new window in existing browser session.

Feb 28, 2017 11:29:40.84 NEW SESSION
Feb 28, 2017 11:29:40.84 Created new window in existing browser session.
Feb 28, 2017 11:34:22.32 Created new window in existing browser session.
Feb 28, 2017 12:02:31.92 Created new window in existing browser session.
Feb 28, 2017 12:05:36.59 Created new window in existing browser session.
Feb 28, 2017 12:07:48.73 Created new window in existing browser session.
Feb 28, 2017 12:28:10.23 Created new window in existing browser session.
Feb 28, 2017 12:57:24.80 Created new window in existing browser session.
Feb 28, 2017 13:04:49.61 Created new window in existing browser session.
Feb 28, 2017 13:10:04.06 Created new window in existing browser session.
Feb 28, 2017 13:10:46.03 Created new window in existing browser session.
Feb 28, 2017 13:14:19.60 Created new window in existing browser session.

Feb 28, 2017 15:09:59.27 NEW SESSION
Feb 28, 2017 15:09:59.27 Created new window in existing browser session.
Feb 28, 2017 15:25:02.97 Created new window in existing browser session.
Feb 28, 2017 15:27:51.07 Created new window in existing browser session.
Feb 28, 2017 15:35:18.17 Created new window in existing browser session.
Feb 28, 2017 15:38:02.28 Created new window in existing browser session.
Feb 28, 2017 15:43:23.25 Created new window in existing browser session.

Feb 28, 2017 15:59:06.92 NEW SESSION
Feb 28, 2017 15:59:06.92 Created new window in existing browser session.
Feb 28, 2017 16:13:50.96 Created new window in existing browser session.
Feb 28, 2017 17:47:57.51 Created new window in existing browser session.

Feb 28, 2017 18:12:12.63 NEW SESSION
Feb 28, 2017 18:12:12.63 Created new window in existing browser session.

Mar 01, 2017 09:05:28.55 NEW SESSION
Mar 01, 2017 09:05:28.55 [1:1:0301/090528:ERROR:KeyboardEventManager.cpp(344)] Not implemented reached in static bool blink::KeyboardEventManager::currentCapsLockState()
Mar 01, 2017 09:06:29.54 A Parser-blocking, cross-origin script, http://www.google-analytics.com/ga.js, is invoked via document.write. This may be blocked by the browser if the device has poor network connectivity. See https://www.chromestatus.com/feature/5718547946799104 for more details.
Mar 01, 2017 09:06:29.54 A Parser-blocking, cross-origin script, http://www.google-analytics.com/ga.js, is invoked via document.write. This may be blocked by the browser if the device has poor network connectivity. See https://www.chromestatus.com/feature/5718547946799104 for more details.
Mar 01, 2017 09:06:42.64 A Parser-blocking, cross-origin script, http://www.google-analytics.com/ga.js, is invoked via document.write. This may be blocked by the browser if the device has poor network connectivity. See https://www.chromestatus.com/feature/5718547946799104 for more details.
Mar 01, 2017 09:06:42.64 A Parser-blocking, cross-origin script, http://www.google-analytics.com/ga.js, is invoked via document.write. This may be blocked by the browser if the device has poor network connectivity. See https://www.chromestatus.com/feature/5718547946799104 for more details.
Mar 01, 2017 09:06:45.59 [WARNING:flash/platform/pepper/pep_module.cpp(63)] SANDBOXED
Mar 01, 2017 09:09:16.28 [WARNING:flash/platform/pepper/pep_module.cpp(63)] SANDBOXED
Mar 01, 2017 09:11:09.18 Created new window in existing browser session.
Mar 01, 2017 09:12:10.18 [WARNING:flash/platform/pepper/pep_module.cpp(63)] SANDBOXED
Mar 01, 2017 09:14:49.77 Created new window in existing browser session.
Mar 01, 2017 09:17:58.83 [WARNING:flash/platform/pepper/pep_module.cpp(63)] SANDBOXED
Mar 01, 2017 09:23:18.25 Created new window in existing browser session.
Mar 01, 2017 09:23:22.96 [WARNING:flash/platform/pepper/pep_module.cpp(63)] SANDBOXED
Mar 01, 2017 09:24:19.51 Created new window in existing browser session.
Mar 01, 2017 09:32:46.80 Created new window in existing browser session.

Mar 01, 2017 09:35:43.09 NEW SESSION
Mar 01, 2017 09:35:43.09 Created new window in existing browser session.
Mar 01, 2017 09:37:27.51 Created new window in existing browser session.
Mar 01, 2017 10:13:33.88 Created new window in existing browser session.
Mar 01, 2017 10:30:34.74 Created new window in existing browser session.
Mar 01, 2017 15:12:41.88 Created new window in existing browser session.

Mar 01, 2017 17:28:31.98 NEW SESSION
Mar 01, 2017 17:28:31.98 Created new window in existing browser session.

Mar 02, 2017 09:11:54.85 NEW SESSION
Mar 02, 2017 09:11:54.85 Created new window in existing browser session.
Mar 02, 2017 09:11:54.88 [4106:4106:0302/091154:ERROR:broker_posix.cc(41)] Invalid node channel message
Mar 02, 2017 11:22:11.55 Created new window in existing browser session.
Mar 02, 2017 11:30:37.64 Created new window in existing browser session.
Mar 02, 2017 11:33:12.08 Created new window in existing browser session.
Mar 02, 2017 11:34:57.24 Created new window in existing browser session.
Mar 02, 2017 11:50:16.12 Created new window in existing browser session.
Mar 02, 2017 15:08:03.50 Created new window in existing browser session.

Mar 03, 2017 10:46:22.44 NEW SESSION
Mar 03, 2017 10:46:22.44 Created new window in existing browser session.
Mar 03, 2017 10:47:18.66 Created new window in existing browser session.
Mar 03, 2017 10:54:08.23 Created new window in existing browser session.
Mar 03, 2017 10:57:48.01 Created new window in existing browser session.
Mar 03, 2017 11:03:47.52 Created new window in existing browser session.
Mar 03, 2017 12:11:14.02 Created new window in existing browser session.
Mar 03, 2017 12:16:56.11 Created new window in existing browser session.
Mar 03, 2017 12:33:08.92 Created new window in existing browser session.
Mar 03, 2017 15:40:18.86 Created new window in existing browser session.
Mar 03, 2017 15:44:50.67 Created new window in existing browser session.
Mar 03, 2017 15:51:12.49 Created new window in existing browser session.
Mar 03, 2017 15:52:51.77 Created new window in existing browser session.
Mar 03, 2017 15:57:04.42 Created new window in existing browser session.
Mar 03, 2017 16:07:34.56 Created new window in existing browser session.
Mar 03, 2017 16:11:34.30 Created new window in existing browser session.
Mar 03, 2017 16:21:06.63 Created new window in existing browser session.
Mar 03, 2017 16:25:33.16 Created new window in existing browser session.
Mar 03, 2017 16:47:02.42 Created new window in existing browser session.
Mar 03, 2017 17:14:10.84 Created new window in existing browser session.

Mar 04, 2017 10:42:23.43 NEW SESSION
Mar 04, 2017 10:42:23.43 Created new window in existing browser session.
Mar 04, 2017 10:43:42.59 Created new window in existing browser session.
Mar 04, 2017 10:46:26.22 Created new window in existing browser session.
Mar 04, 2017 12:51:42.72 Created new window in existing browser session.

Mar 04, 2017 15:16:03.81 NEW SESSION
Mar 04, 2017 15:16:03.81 Created new window in existing browser session.
Mar 04, 2017 15:24:07.05 Created new window in existing browser session.
Mar 04, 2017 15:24:07.34 [12531:12531:0304/152407:ERROR:broker_posix.cc(41)] Invalid node channel message
Mar 04, 2017 15:26:01.08 Created new window in existing browser session.
Mar 04, 2017 15:41:53.71 Created new window in existing browser session.
Mar 04, 2017 15:43:09.11 Created new window in existing browser session.
Mar 04, 2017 16:38:57.06 Created new window in existing browser session.
Mar 04, 2017 16:40:23.62 Created new window in existing browser session.
Mar 04, 2017 16:42:23.43 Created new window in existing browser session.
Mar 04, 2017 16:43:18.08 Created new window in existing browser session.
Mar 04, 2017 16:54:03.41 Created new window in existing browser session.
Mar 04, 2017 16:57:37.19 Created new window in existing browser session.
Mar 04, 2017 16:58:52.34 Created new window in existing browser session.
Mar 04, 2017 16:59:50.33 Created new window in existing browser session.
Mar 04, 2017 17:00:49.01 Created new window in existing browser session.
Mar 04, 2017 17:08:42.52 Created new window in existing browser session.

Mar 06, 2017 09:04:42.09 NEW SESSION
Mar 06, 2017 09:04:42.09 Created new window in existing browser session.
Mar 06, 2017 09:05:26.33 Created new window in existing browser session.
Mar 06, 2017 09:07:44.06 Created new window in existing browser session.
Mar 06, 2017 09:10:25.96 Created new window in existing browser session.
Mar 06, 2017 09:26:13.80 Created new window in existing browser session.
Mar 06, 2017 09:28:14.72 Created new window in existing browser session.
Mar 06, 2017 09:33:15.17 Created new window in existing browser session.
Mar 06, 2017 10:12:31.48 Created new window in existing browser session.
Mar 06, 2017 10:14:24.07 Created new window in existing browser session.
Mar 06, 2017 10:19:51.16 Created new window in existing browser session.
Mar 06, 2017 10:56:57.93 Created new window in existing browser session.
Mar 06, 2017 11:01:52.97 Created new window in existing browser session.
Mar 06, 2017 11:05:56.00 Created new window in existing browser session.
Mar 06, 2017 11:33:27.41 Created new window in existing browser session.
Mar 06, 2017 16:03:32.54 Created new window in existing browser session.
Mar 06, 2017 16:16:52.17 Created new window in existing browser session.
Mar 06, 2017 16:20:52.25 Created new window in existing browser session.
Mar 06, 2017 16:29:48.32 Created new window in existing browser session.
Mar 06, 2017 17:36:37.91 Created new window in existing browser session.
Mar 06, 2017 18:50:50.77 Created new window in existing browser session.
Mar 06, 2017 18:53:35.02 Created new window in existing browser session.
Mar 06, 2017 18:54:37.24 Created new window in existing browser session.
Mar 06, 2017 18:55:55.01 Created new window in existing browser session.

Mar 06, 2017 19:01:30.47 NEW SESSION
Mar 06, 2017 19:01:30.48 Created new window in existing browser session.
Mar 06, 2017 19:03:57.84 Created new window in existing browser session.
Mar 06, 2017 19:05:09.88 Created new window in existing browser session.
Mar 06, 2017 19:06:56.99 Created new window in existing browser session.
Mar 06, 2017 19:08:00.70 Created new window in existing browser session.
Mar 06, 2017 19:11:12.51 Created new window in existing browser session.
Mar 06, 2017 19:13:03.28 Created new window in existing browser session.
Mar 06, 2017 19:18:12.42 Created new window in existing browser session.
Mar 06, 2017 19:18:52.30 Created new window in existing browser session.
Mar 06, 2017 19:19:22.09 Created new window in existing browser session.
Mar 06, 2017 19:23:32.13 Created new window in existing browser session.
Mar 06, 2017 19:25:27.45 Created new window in existing browser session.
Mar 06, 2017 19:25:27.67 [25636:25636:0306/192527:ERROR:broker_posix.cc(41)] Invalid node channel message
Mar 06, 2017 19:26:54.06 Created new window in existing browser session.

Mar 07, 2017 09:21:05.34 NEW SESSION
Mar 07, 2017 09:21:05.34 Created new window in existing browser session.
Mar 07, 2017 09:27:54.29 Created new window in existing browser session.
Mar 07, 2017 09:31:19.75 Created new window in existing browser session.
Mar 07, 2017 09:43:31.13 Created new window in existing browser session.
Mar 07, 2017 09:48:43.43 Created new window in existing browser session.
Mar 07, 2017 09:51:44.57 Created new window in existing browser session.
Mar 07, 2017 10:50:13.99 Created new window in existing browser session.
Mar 07, 2017 12:36:42.99 Created new window in existing browser session.
Mar 07, 2017 12:39:34.10 Created new window in existing browser session.
Mar 07, 2017 12:46:35.45 Created new window in existing browser session.
Mar 07, 2017 12:47:44.25 Created new window in existing browser session.
Mar 07, 2017 12:51:07.85 Created new window in existing browser session.
Mar 07, 2017 12:55:10.42 Created new window in existing browser session.
Mar 07, 2017 12:56:04.43 Created new window in existing browser session.
Mar 07, 2017 13:12:14.72 Created new window in existing browser session.
Mar 07, 2017 13:20:21.95 Created new window in existing browser session.
Mar 07, 2017 13:28:56.94 Created new window in existing browser session.
Mar 07, 2017 13:32:11.71 Created new window in existing browser session.

Mar 07, 2017 15:15:31.70 NEW SESSION
Mar 07, 2017 15:15:31.70 Created new window in existing browser session.
Mar 07, 2017 15:49:29.52 Created new window in existing browser session.
Mar 07, 2017 16:37:27.70 Created new window in existing browser session.
Mar 07, 2017 16:39:37.90 Created new window in existing browser session.
Mar 07, 2017 17:45:29.43 Created new window in existing browser session.
Mar 07, 2017 17:53:37.23 Created new window in existing browser session.

Mar 07, 2017 18:03:24.72 NEW SESSION
Mar 07, 2017 18:03:24.72 Created new window in existing browser session.
Mar 07, 2017 18:04:58.98 Created new window in existing browser session.
Mar 07, 2017 18:14:16.43 Created new window in existing browser session.
Mar 07, 2017 18:18:05.99 Created new window in existing browser session.
Mar 07, 2017 18:21:51.80 Created new window in existing browser session.

Mar 08, 2017 09:32:38.16 NEW SESSION
Mar 08, 2017 09:32:38.16 Created new window in existing browser session.
Mar 08, 2017 09:34:21.93 Created new window in existing browser session.
Mar 08, 2017 12:38:22.53 Created new window in existing browser session.
Mar 08, 2017 13:29:13.16 Created new window in existing browser session.
Mar 08, 2017 13:34:33.70 Created new window in existing browser session.

Mar 08, 2017 15:26:43.59 NEW SESSION
Mar 08, 2017 15:26:43.59 Created new window in existing browser session.
Mar 08, 2017 15:32:27.78 Created new window in existing browser session.
Mar 08, 2017 15:32:27.80 [14659:14659:0308/153227:ERROR:broker_posix.cc(41)] Invalid node channel message
Mar 08, 2017 17:24:08.32 Created new window in existing browser session.
Mar 08, 2017 17:31:33.88 Created new window in existing browser session.
Mar 08, 2017 17:33:06.20 Created new window in existing browser session.
Mar 08, 2017 18:01:27.67 Created new window in existing browser session.
Mar 08, 2017 18:09:19.11 Created new window in existing browser session.

Mar 09, 2017 09:05:33.66 NEW SESSION
Mar 09, 2017 09:05:33.66 Created new window in existing browser session.
Mar 09, 2017 09:12:32.10 Created new window in existing browser session.
Mar 09, 2017 09:38:26.31 Created new window in existing browser session.
Mar 09, 2017 09:39:56.73 Created new window in existing browser session.
Mar 09, 2017 09:44:46.17 Created new window in existing browser session.
Mar 09, 2017 09:49:45.68 Created new window in existing browser session.
Mar 09, 2017 09:55:26.55 Created new window in existing browser session.
Mar 09, 2017 10:00:56.03 Created new window in existing browser session.
Mar 09, 2017 10:19:18.53 Created new window in existing browser session.
Mar 09, 2017 10:29:16.64 [9351:9351:0309/102916:ERROR:broker_posix.cc(41)] Invalid node channel message
Mar 09, 2017 10:29:16.67 Created new window in existing browser session.
Mar 09, 2017 10:34:25.62 Created new window in existing browser session.
Mar 09, 2017 10:38:28.84 Created new window in existing browser session.
Mar 09, 2017 11:14:21.33 Created new window in existing browser session.
Mar 09, 2017 11:19:36.97 Created new window in existing browser session.
Mar 09, 2017 12:07:40.17 Created new window in existing browser session.
Mar 09, 2017 12:13:31.73 Created new window in existing browser session.
Mar 09, 2017 12:56:42.02 Created new window in existing browser session.
Mar 09, 2017 13:03:45.21 Created new window in existing browser session.
Mar 09, 2017 18:35:31.76 Created new window in existing browser session.
Mar 09, 2017 18:51:03.69 Created new window in existing browser session.

Mar 10, 2017 09:17:32.90 NEW SESSION
Mar 10, 2017 09:17:32.90 Created new window in existing browser session.
Mar 10, 2017 09:56:37.81 Created new window in existing browser session.
Mar 10, 2017 10:03:18.68 Created new window in existing browser session.
Mar 10, 2017 10:11:33.32 Created new window in existing browser session.
Mar 10, 2017 10:15:12.60 Created new window in existing browser session.
Mar 10, 2017 10:33:11.36 Created new window in existing browser session.
Mar 10, 2017 15:35:54.69 Created new window in existing browser session.

Mar 10, 2017 17:10:12.98 NEW SESSION
Mar 10, 2017 17:10:12.98 Created new window in existing browser session.
Mar 10, 2017 17:15:41.45 Created new window in existing browser session.
Mar 10, 2017 17:21:31.24 [4857:4857:0310/172131:ERROR:broker_posix.cc(41)] Invalid node channel message
Mar 10, 2017 17:21:31.27 Created new window in existing browser session.
Mar 10, 2017 17:27:21.11 Created new window in existing browser session.
Mar 10, 2017 17:34:57.73 Created new window in existing browser session.
Mar 10, 2017 17:36:25.06 Created new window in existing browser session.
Mar 10, 2017 17:52:35.99 Created new window in existing browser session.
Mar 10, 2017 18:13:31.04 Created new window in existing browser session.
Mar 10, 2017 18:18:17.31 Created new window in existing browser session.
Mar 10, 2017 18:25:22.77 Created new window in existing browser session.
Mar 10, 2017 18:25:38.51 Created new window in existing browser session.
